<?xml version="1.0" encoding="UTF-8"?>
<!-- Generated by org.testng.reporters.JUnitReportReporter -->
<testsuite hostname="INBENKARSELVAN1" failures="0" tests="2" name="extentReporting.reports.ExtentReportTemp4" time="8.498" errors="0" timestamp="2022-07-06T14:45:00 IST" skipped="0">
  <testcase classname="extentReporting.reports.ExtentReportTemp4" name="initialDemo_4" time="4.382"/>
  <system-out/>
  <testcase classname="extentReporting.reports.ExtentReportTemp4" name="initialDemo_5" time="4.116"/>
  <system-out/>
</testsuite> <!-- extentReporting.reports.ExtentReportTemp4 -->
