<?xml version="1.0" encoding="UTF-8"?>
<!-- Generated by org.testng.reporters.JUnitReportReporter -->
<testsuite hostname="INBENKARSELVAN1" failures="0" tests="1" name="extentReporting.reports.ExtentReportTemp3" time="4.440" errors="0" timestamp="2022-07-06T14:45:00 IST" skipped="0">
  <testcase classname="extentReporting.reports.ExtentReportTemp3" name="initialDemo_3" time="4.440"/>
  <system-out/>
</testsuite> <!-- extentReporting.reports.ExtentReportTemp3 -->
